<?xml version="1.0" encoding="UTF-8"?>
<!-- Generated by org.testng.reporters.JUnitReportReporter -->
<testsuite skipped="0" hostname="LAPTOP-AU8KJ4T0" name="com.infosys.app.AppTest" tests="1" failures="0" timestamp="17 Apr 2019 18:52:58 GMT" time="0.011" errors="0">
  <testcase name="shouldAnswerWithTrue" time="0.011" classname="com.infosys.app.AppTest"/>
</testsuite> <!-- com.infosys.app.AppTest -->
