<?xml version="1.0" encoding="UTF-8"?>
<!-- Generated by org.testng.reporters.JUnitReportReporter -->
<testsuite skipped="0" hostname="LAPTOP-AU8KJ4T0" name="com.infosys.app.ThirdmavenclassTest" tests="1" failures="0" timestamp="17 Apr 2019 19:30:50 GMT" time="0.012" errors="0">
  <testcase name="thirdtest" time="0.012" classname="com.infosys.app.ThirdmavenclassTest"/>
</testsuite> <!-- com.infosys.app.ThirdmavenclassTest -->
