<?xml version="1.0" encoding="UTF-8"?>
<!-- Generated by org.testng.reporters.JUnitReportReporter -->
<testsuite skipped="0" hostname="LAPTOP-AU8KJ4T0" name="com.infosys.app.FirstmavenclassTest" tests="1" failures="0" timestamp="17 Apr 2019 19:31:43 GMT" time="0.019" errors="0">
  <testcase name="FirstTest" time="0.019" classname="com.infosys.app.FirstmavenclassTest"/>
</testsuite> <!-- com.infosys.app.FirstmavenclassTest -->
